<?xml version="1.0" encoding="UTF-8"?>
<testsuite name="lotto.ApplicationTest" tests="2" skipped="0" failures="2" errors="0" timestamp="2024-09-22T05:10:25" hostname="seominjiui-MacBookAir.local" time="0.664">
  <properties/>
  <testcase name="예외_테스트()" classname="lotto.ApplicationTest" time="0.058">
    <failure message="java.lang.AssertionError: &#10;Expecting actual:&#10;  &quot;&quot;&#10;to contain:&#10;  &quot;[ERROR]&quot; " type="java.lang.AssertionError">java.lang.AssertionError: 
Expecting actual:
  &quot;&quot;
to contain:
  &quot;[ERROR]&quot; 
	at lotto.ApplicationTest.lambda$예외_테스트$1(ApplicationTest.java:53)
	at org.junit.jupiter.api.AssertTimeout.lambda$assertTimeoutPreemptively$2(AssertTimeout.java:102)
	at org.junit.jupiter.api.AssertTimeout.lambda$assertTimeoutPreemptively$4(AssertTimeout.java:138)
	at java.base/java.util.concurrent.FutureTask.run(FutureTask.java:264)
	at java.base/java.util.concurrent.ThreadPoolExecutor.runWorker(ThreadPoolExecutor.java:1136)
	at java.base/java.util.concurrent.ThreadPoolExecutor$Worker.run(ThreadPoolExecutor.java:635)
	at java.base/java.lang.Thread.run(Thread.java:833)
</failure>
  </testcase>
  <testcase name="기능_테스트()" classname="lotto.ApplicationTest" time="0.605">
    <failure message="java.lang.AssertionError: &#10;Expecting actual:&#10;  &quot;&quot;&#10;to contain:&#10;  [&quot;8개를 구매했습니다.&quot;,&#10;    &quot;[8, 21, 23, 41, 42, 43]&quot;,&#10;    &quot;[3, 5, 11, 16, 32, 38]&quot;,&#10;    &quot;[7, 11, 16, 35, 36, 44]&quot;,&#10;    &quot;[1, 8, 11, 31, 41, 42]&quot;,&#10;    &quot;[13, 14, 16, 38, 42, 45]&quot;,&#10;    &quot;[7, 11, 30, 40, 42, 43]&quot;,&#10;    &quot;[2, 13, 22, 32, 38, 45]&quot;,&#10;    &quot;[1, 3, 5, 14, 22, 45]&quot;,&#10;    &quot;3개 일치 (5,000원) - 1개&quot;,&#10;    &quot;4개 일치 (50,000원) - 0개&quot;,&#10;    &quot;5개 일치 (1,500,000원) - 0개&quot;,&#10;    &quot;5개 일치, 보너스 볼 일치 (30,000,000원) - 0개&quot;,&#10;    &quot;6개 일치 (2,000,000,000원) - 0개&quot;,&#10;    &quot;총 수익률은 62.5%입니다.&quot;]&#10;but could not find:&#10;  [&quot;8개를 구매했습니다.&quot;,&#10;    &quot;[8, 21, 23, 41, 42, 43]&quot;,&#10;    &quot;[3, 5, 11, 16, 32, 38]&quot;,&#10;    &quot;[7, 11, 16, 35, 36, 44]&quot;,&#10;    &quot;[1, 8, 11, 31, 41, 42]&quot;,&#10;    &quot;[13, 14, 16, 38, 42, 45]&quot;,&#10;    &quot;[7, 11, 30, 40, 42, 43]&quot;,&#10;    &quot;[2, 13, 22, 32, 38, 45]&quot;,&#10;    &quot;[1, 3, 5, 14, 22, 45]&quot;,&#10;    &quot;3개 일치 (5,000원) - 1개&quot;,&#10;    &quot;4개 일치 (50,000원) - 0개&quot;,&#10;    &quot;5개 일치 (1,500,000원) - 0개&quot;,&#10;    &quot;5개 일치, 보너스 볼 일치 (30,000,000원) - 0개&quot;,&#10;    &quot;6개 일치 (2,000,000,000원) - 0개&quot;,&#10;    &quot;총 수익률은 62.5%입니다.&quot;]&#10; " type="java.lang.AssertionError">java.lang.AssertionError: 
Expecting actual:
  &quot;&quot;
to contain:
  [&quot;8개를 구매했습니다.&quot;,
    &quot;[8, 21, 23, 41, 42, 43]&quot;,
    &quot;[3, 5, 11, 16, 32, 38]&quot;,
    &quot;[7, 11, 16, 35, 36, 44]&quot;,
    &quot;[1, 8, 11, 31, 41, 42]&quot;,
    &quot;[13, 14, 16, 38, 42, 45]&quot;,
    &quot;[7, 11, 30, 40, 42, 43]&quot;,
    &quot;[2, 13, 22, 32, 38, 45]&quot;,
    &quot;[1, 3, 5, 14, 22, 45]&quot;,
    &quot;3개 일치 (5,000원) - 1개&quot;,
    &quot;4개 일치 (50,000원) - 0개&quot;,
    &quot;5개 일치 (1,500,000원) - 0개&quot;,
    &quot;5개 일치, 보너스 볼 일치 (30,000,000원) - 0개&quot;,
    &quot;6개 일치 (2,000,000,000원) - 0개&quot;,
    &quot;총 수익률은 62.5%입니다.&quot;]
but could not find:
  [&quot;8개를 구매했습니다.&quot;,
    &quot;[8, 21, 23, 41, 42, 43]&quot;,
    &quot;[3, 5, 11, 16, 32, 38]&quot;,
    &quot;[7, 11, 16, 35, 36, 44]&quot;,
    &quot;[1, 8, 11, 31, 41, 42]&quot;,
    &quot;[13, 14, 16, 38, 42, 45]&quot;,
    &quot;[7, 11, 30, 40, 42, 43]&quot;,
    &quot;[2, 13, 22, 32, 38, 45]&quot;,
    &quot;[1, 3, 5, 14, 22, 45]&quot;,
    &quot;3개 일치 (5,000원) - 1개&quot;,
    &quot;4개 일치 (50,000원) - 0개&quot;,
    &quot;5개 일치 (1,500,000원) - 0개&quot;,
    &quot;5개 일치, 보너스 볼 일치 (30,000,000원) - 0개&quot;,
    &quot;6개 일치 (2,000,000,000원) - 0개&quot;,
    &quot;총 수익률은 62.5%입니다.&quot;]
 
	at lotto.ApplicationTest.lambda$기능_테스트$0(ApplicationTest.java:20)
	at camp.nextstep.edu.missionutils.test.Assertions.lambda$assertRandomTest$4(Assertions.java:89)
	at org.junit.jupiter.api.AssertTimeout.lambda$assertTimeoutPreemptively$2(AssertTimeout.java:102)
	at org.junit.jupiter.api.AssertTimeout.lambda$assertTimeoutPreemptively$4(AssertTimeout.java:138)
	at java.base/java.util.concurrent.FutureTask.run(FutureTask.java:264)
	at java.base/java.util.concurrent.ThreadPoolExecutor.runWorker(ThreadPoolExecutor.java:1136)
	at java.base/java.util.concurrent.ThreadPoolExecutor$Worker.run(ThreadPoolExecutor.java:635)
	at java.base/java.lang.Thread.run(Thread.java:833)
</failure>
  </testcase>
  <system-out><![CDATA[

]]></system-out>
  <system-err><![CDATA[]]></system-err>
</testsuite>
